<?xml version="1.0" encoding="UTF-8"?>
<testsuite xmlns:xsi="http://www.w3.org/2001/XMLSchema-instance" xsi:noNamespaceSchemaLocation="https://maven.apache.org/surefire/maven-surefire-plugin/xsd/surefire-test-report.xsd" name="blackjack.HandTest" time="0.02" tests="12" errors="0" skipped="0" failures="0">
  <properties>
[...]
</properties>
  <testcase name="testGetOwner" classname="blackjack.HandTest" time="0.009"/>
  <testcase name="testGetValue" classname="blackjack.HandTest" time="0.001"/>
  <testcase name="testAddCard" classname="blackjack.HandTest" time="0"/>
  <testcase name="testIsSplittable" classname="blackjack.HandTest" time="0.001"/>
  <testcase name="testSplit" classname="blackjack.HandTest" time="0.001"/>
  <testcase name="testGetCard" classname="blackjack.HandTest" time="0"/>
  <testcase name="testgetKartyakMeret" classname="blackjack.HandTest" time="0.001"/>
  <testcase name="testGetAcedValue" classname="blackjack.HandTest" time="0"/>
  <testcase name="testAddBet" classname="blackjack.HandTest" time="0.001"/>
  <testcase name="testHasAce" classname="blackjack.HandTest" time="0"/>
  <testcase name="testgetFogadas" classname="blackjack.HandTest" time="0.001"/>
  <testcase name="testBlackJack" classname="blackjack.HandTest" time="0"/>
</testsuite>