<?xml version="1.0" encoding="UTF-8"?>
<testsuite xmlns:xsi="http://www.w3.org/2001/XMLSchema-instance" xsi:noNamespaceSchemaLocation="https://maven.apache.org/surefire/maven-surefire-plugin/xsd/surefire-test-report.xsd" name="blackjack.BalanceTest" time="0" tests="6" errors="0" skipped="0" failures="0">
  <properties>
[...]
</properties>
  <testcase name="testInitialBalance" classname="blackjack.BalanceTest" time="0"/>
  <testcase name="testLoseBet" classname="blackjack.BalanceTest" time="0"/>
  <testcase name="testResetBet" classname="blackjack.BalanceTest" time="0"/>
  <testcase name="testAddBet" classname="blackjack.BalanceTest" time="0"/>
  <testcase name="testWinBet" classname="blackjack.BalanceTest" time="0"/>
  <testcase name="testAddBetNotEnoughBalance" classname="blackjack.BalanceTest" time="0"/>
</testsuite>